<?xml version="1.0" encoding="utf-8"?><testsuites name="pytest tests"><testsuite name="pytest" errors="2" failures="0" skipped="0" tests="49" time="7.066" timestamp="2026-07-19T02:39:02.530995+00:00" hostname="agent-env-b5c57c91-deb5-43bb-9a9e-79c713d6c58e"><testcase classname="tests.test_rbac_and_modules.TestAdminGates" name="test_client_cannot_post_paper_stock" time="0.708" /><testcase classname="tests.backend_test.TestCRUD" name="test_paper_stocks_list" time="0.749" /><testcase classname="tests.backend_test.TestCRUD" name="test_paper_stock_crud" time="0.331" /><testcase classname="tests.test_rbac_and_modules.TestAdminGates" name="test_reseller_cannot_post_paper_stock" time="0.508" /><testcase classname="tests.backend_test.TestCRUD" name="test_product_crud" time="0.088" /><testcase classname="tests.backend_test.TestCRUD" name="test_roll_material_crud" time="0.089" /><testcase classname="tests.test_rbac_and_modules.TestAdminGates" name="test_client_cannot_list_users" time="0.050" /><testcase classname="tests.backend_test.TestCRUD" name="test_equipment_list" time="0.046" /><testcase classname="tests.test_rbac_and_modules.TestAdminGates" name="test_reseller_cannot_list_users" time="0.047" /><testcase classname="tests.backend_test.TestCRUD" name="test_size_presets_list" time="0.086" /><testcase classname="tests.backend_test.TestCalculations" name="test_calc_paper" time="0.288" /><testcase classname="tests.test_rbac_and_modules.TestAdminGates" name="test_admin_can_list_users" time="0.413" /><testcase classname="tests.backend_test.TestCalculations" name="test_calc_booklet" time="0.094" /><testcase classname="tests.test_rbac_and_modules.TestAdminGates" name="test_client_cannot_write_settings" time="0.052" /><testcase classname="tests.backend_test.TestCalculations" name="test_calc_lf" time="0.046" /><testcase classname="tests.test_rbac_and_modules.TestAdminGates" name="test_client_cannot_call_calc_equipment" time="0.151" /><testcase classname="tests.backend_test.TestCalculations" name="test_calc_sticker" time="0.097" /><testcase classname="tests.backend_test.TestCalculations" name="test_calc_equipment" time="0.094" /><testcase classname="tests.backend_test.TestAuth" name="test_login_ok" time="0.359" /><testcase classname="tests.backend_test.TestAuth" name="test_login_bad" time="0.468" /><testcase classname="tests.test_rbac_and_modules.TestRoles" name="test_admin_role" time="0.742" /><testcase classname="tests.backend_test.TestAuth" name="test_me" time="0.046" /><testcase classname="tests.test_rbac_and_modules.TestRoles" name="test_reseller_role" time="0.574" /><testcase classname="tests.test_rbac_and_modules.TestScrubDTF" name="test_admin_sees_all" time="0.621" /><testcase classname="tests.test_rbac_and_modules.TestRoles" name="test_client_default_role" time="0.425" /><testcase classname="tests.test_rbac_and_modules.TestScrubDTF" name="test_client_retail_only" time="0.230"><error message="failed on setup with &quot;AssertionError: {&quot;detail&quot;:&quot;Email already registered&quot;}&#10;assert 400 == 200&#10; +  where 400 = &lt;Response [400]&gt;.status_code&quot;">backend/tests/test_rbac_and_modules.py:64: in client_user
    assert r.status_code == 200, r.text
E   AssertionError: {"detail":"Email already registered"}
E   assert 400 == 200
E    +  where 400 = &lt;Response [400]&gt;.status_code</error></testcase><testcase classname="tests.test_rbac_and_modules.TestScrubLaser" name="test_admin" time="0.253" /><testcase classname="tests.test_rbac_and_modules.TestScrubLaser" name="test_client" time="0.087" /><testcase classname="tests.test_rbac_and_modules.TestScrubDTF" name="test_reseller_wholesale_only" time="0.526" /><testcase classname="tests.test_rbac_and_modules.TestScrubLaser" name="test_reseller" time="0.048" /><testcase classname="tests.test_rbac_and_modules.TestScrubChannelLetters" name="test_admin" time="0.055" /><testcase classname="tests.test_rbac_and_modules.TestScrubChannelLetters" name="test_client" time="0.086" /><testcase classname="tests.test_rbac_and_modules.TestScrubDirectPrint" name="test_admin" time="0.047" /><testcase classname="tests.test_rbac_and_modules.TestScrubDirectPrint" name="test_client" time="0.000"><error message="failed on setup with &quot;AssertionError: {&quot;detail&quot;:&quot;Email already registered&quot;}&#10;assert 400 == 200&#10; +  where 400 = &lt;Response [400]&gt;.status_code&quot;">backend/tests/test_rbac_and_modules.py:64: in client_user
    assert r.status_code == 200, r.text
E   AssertionError: {"detail":"Email already registered"}
E   assert 400 == 200
E    +  where 400 = &lt;Response [400]&gt;.status_code</error></testcase><testcase classname="tests.test_rbac_and_modules.TestScrubDirectPrint" name="test_reseller" time="0.055" /><testcase classname="tests.test_rbac_and_modules.TestScrubChannelLetters" name="test_reseller" time="0.086" /><testcase classname="tests.backend_test.TestSettings" name="test_get_settings" time="0.043" /><testcase classname="tests.backend_test.TestSettings" name="test_update_settings_persists" time="0.280" /><testcase classname="tests.test_rbac_and_modules.TestUserManagement" name="test_admin_change_role" time="0.114" /><testcase classname="tests.test_rbac_and_modules.TestUserManagement" name="test_admin_cannot_demote_self" time="0.148" /><testcase classname="tests.test_rbac_and_modules.TestUserManagement" name="test_admin_cannot_delete_self" time="0.334" /><testcase classname="tests.test_rbac_and_modules.TestScrubPaper" name="test_client_paper" time="0.098" /><testcase classname="tests.test_rbac_and_modules.TestScrubEmbroidery" name="test_client" time="0.559" /><testcase classname="tests.test_rbac_and_modules.TestScrubPaper" name="test_reseller_paper" time="0.102" /><testcase classname="tests.backend_test.TestAuthGuard" name="test_dashboard_unauth" time="0.106" /><testcase classname="tests.test_rbac_and_modules.TestScrubEmbroidery" name="test_reseller" time="0.597" /><testcase classname="tests.test_rbac_and_modules.TestQuotes" name="test_client_save_and_list" time="0.803" /><testcase classname="tests.backend_test.TestDashboard" name="test_dashboard" time="0.051" /><testcase classname="tests.test_rbac_and_modules.TestConfig" name="test_config_role_field" time="0.464" /></testsuite></testsuites>