<?xml version="1.0" encoding="utf-8"?><testsuites name="pytest tests"><testsuite name="pytest" errors="0" failures="0" skipped="0" tests="6" time="3.222" timestamp="2026-07-23T05:23:35.221849+00:00" hostname="agent-env-b5c57c91-deb5-43bb-9a9e-79c713d6c58e"><testcase classname="tests.test_quote_builder_catalog" name="test_config_product_categories" time="0.455" /><testcase classname="tests.test_quote_builder_catalog" name="test_multi_quote_save_and_list" time="0.314" /><testcase classname="tests.test_quote_builder_catalog" name="test_catalog_product_admin_crud" time="0.404" /><testcase classname="tests.test_quote_builder_catalog" name="test_reseller_forbidden_on_catalog_writes" time="0.424" /><testcase classname="tests.test_quote_builder_catalog" name="test_reseller_only_sees_published" time="0.589" /><testcase classname="tests.test_quote_builder_catalog" name="test_quote_to_product_rbac" time="0.523" /></testsuite></testsuites>