<?xml version="1.0" encoding="utf-8"?><testsuites name="pytest tests"><testsuite name="pytest" errors="0" failures="0" skipped="0" tests="77" time="13.892" timestamp="2026-07-19T03:05:08.389458+00:00" hostname="agent-env-b5c57c91-deb5-43bb-9a9e-79c713d6c58e"><testcase classname="tests.test_rbac_and_modules.TestAdminGates" name="test_client_cannot_post_paper_stock" time="0.635" /><testcase classname="tests.backend_test.TestCRUD" name="test_paper_stocks_list" time="0.726" /><testcase classname="tests.backend_test.TestCRUD" name="test_paper_stock_crud" time="0.359" /><testcase classname="tests.test_rbac_and_modules.TestAdminGates" name="test_reseller_cannot_post_paper_stock" time="0.512" /><testcase classname="tests.backend_test.TestCRUD" name="test_product_crud" time="0.140" /><testcase classname="tests.test_rbac_and_modules.TestAdminGates" name="test_client_cannot_list_users" time="0.046" /><testcase classname="tests.test_rbac_and_modules.TestAdminGates" name="test_reseller_cannot_list_users" time="0.196" /><testcase classname="tests.backend_test.TestCRUD" name="test_roll_material_crud" time="0.135" /><testcase classname="tests.backend_test.TestCRUD" name="test_equipment_list" time="0.049" /><testcase classname="tests.backend_test.TestCRUD" name="test_size_presets_list" time="0.052" /><testcase classname="tests.test_rbac_and_modules.TestAdminGates" name="test_admin_can_list_users" time="0.600" /><testcase classname="tests.test_v5_features.TestSublimation" name="test_products_seeded" time="0.661" /><testcase classname="tests.test_rbac_and_modules.TestAdminGates" name="test_client_cannot_write_settings" time="0.046" /><testcase classname="tests.test_rbac_and_modules.TestAdminGates" name="test_client_cannot_call_calc_equipment" time="0.096" /><testcase classname="tests.test_v5_features.TestSublimation" name="test_calc_frame_paper_use" time="0.098" /><testcase classname="tests.backend_test.TestCalculations" name="test_calc_paper" time="0.623" /><testcase classname="tests.test_v5_features.TestSublimation" name="test_client_only_retail" time="0.623" /><testcase classname="tests.backend_test.TestCalculations" name="test_calc_booklet" time="0.110" /><testcase classname="tests.backend_test.TestCalculations" name="test_calc_lf" time="0.052" /><testcase classname="tests.backend_test.TestCalculations" name="test_calc_sticker" time="0.353" /><testcase classname="tests.test_v5_features.TestSublimation" name="test_reseller_only_wholesale" time="0.558" /><testcase classname="tests.backend_test.TestCalculations" name="test_calc_equipment" time="0.119" /><testcase classname="tests.test_v5_features.TestSublimation" name="test_admin_product_crud" time="0.382" /><testcase classname="tests.test_v5_features.TestRollStickers" name="test_materials_seeded" time="0.512" /><testcase classname="tests.test_v5_features.TestSublimation" name="test_client_cannot_crud_products" time="0.048" /><testcase classname="tests.backend_test.TestAuth" name="test_login_ok" time="0.000" /><testcase classname="tests.backend_test.TestAuth" name="test_login_bad" time="0.320" /><testcase classname="tests.test_v5_features.TestRollStickers" name="test_calc_500_pieces" time="0.354" /><testcase classname="tests.backend_test.TestAuth" name="test_me" time="0.048" /><testcase classname="tests.test_rbac_and_modules.TestRoles" name="test_admin_role" time="0.581" /><testcase classname="tests.test_v5_features.TestRollStickers" name="test_reseller_wholesale_only" time="0.869" /><testcase classname="tests.test_rbac_and_modules.TestRoles" name="test_reseller_role" time="0.465" /><testcase classname="tests.test_v5_features.TestRollStickers" name="test_admin_material_crud" time="0.104" /><testcase classname="tests.test_rbac_and_modules.TestScrubDTF" name="test_admin_sees_all" time="0.579" /><testcase classname="tests.test_rbac_and_modules.TestRoles" name="test_client_default_role" time="0.655" /><testcase classname="tests.test_rbac_and_modules.TestScrubLaser" name="test_admin" time="0.227" /><testcase classname="tests.test_rbac_and_modules.TestScrubDTF" name="test_client_retail_only" time="0.418" /><testcase classname="tests.test_rbac_and_modules.TestScrubLaser" name="test_client" time="0.048" /><testcase classname="tests.test_rbac_and_modules.TestScrubLaser" name="test_reseller" time="0.051" /><testcase classname="tests.test_rbac_and_modules.TestScrubChannelLetters" name="test_admin" time="0.048" /><testcase classname="tests.test_rbac_and_modules.TestScrubChannelLetters" name="test_client" time="0.268" /><testcase classname="tests.test_rbac_and_modules.TestScrubDTF" name="test_reseller_wholesale_only" time="0.439" /><testcase classname="tests.test_rbac_and_modules.TestScrubChannelLetters" name="test_reseller" time="0.055" /><testcase classname="tests.test_rbac_and_modules.TestUserManagement" name="test_admin_change_role" time="0.162" /><testcase classname="tests.test_rbac_and_modules.TestScrubDirectPrint" name="test_admin" time="0.046" /><testcase classname="tests.test_rbac_and_modules.TestScrubDirectPrint" name="test_client" time="0.046" /><testcase classname="tests.test_rbac_and_modules.TestScrubDirectPrint" name="test_reseller" time="0.062" /><testcase classname="tests.test_rbac_and_modules.TestUserManagement" name="test_admin_cannot_demote_self" time="0.092" /><testcase classname="tests.test_rbac_and_modules.TestUserManagement" name="test_admin_cannot_delete_self" time="0.291" /><testcase classname="tests.test_v3_features.TestDTF" name="test_placements_nested" time="0.670" /><testcase classname="tests.test_v5_features.TestEquipmentModule" name="test_seeded_machines_by_module" time="0.426" /><testcase classname="tests.test_v5_features.TestEquipmentModule" name="test_supplies_crud" time="0.479" /><testcase classname="tests.test_v3_features.TestDTF" name="test_client_dtf_retail_only" time="0.489" /><testcase classname="tests.test_v3_features.TestDTF" name="test_reseller_dtf_wholesale_only" time="0.594" /><testcase classname="tests.test_v5_features.TestEquipmentModule" name="test_client_cannot_access_equipment_supplies" time="0.611" /><testcase classname="tests.backend_test.TestSettings" name="test_get_settings" time="0.059" /><testcase classname="tests.backend_test.TestSettings" name="test_update_settings_persists" time="0.419" /><testcase classname="tests.test_rbac_and_modules.TestScrubEmbroidery" name="test_client" time="0.441" /><testcase classname="tests.test_rbac_and_modules.TestScrubEmbroidery" name="test_reseller" time="0.784" /><testcase classname="tests.test_rbac_and_modules.TestScrubPaper" name="test_client_paper" time="1.289" /><testcase classname="tests.test_v3_features.TestLaser" name="test_multisize" time="0.452" /><testcase classname="tests.test_v3_features.TestLaser" name="test_preset_crud" time="0.363" /><testcase classname="tests.test_rbac_and_modules.TestScrubPaper" name="test_reseller_paper" time="0.473" /><testcase classname="tests.test_v5_features.TestCatalog" name="test_quotes_endpoint_returns_list" time="0.599" /><testcase classname="tests.test_v5_features.TestCatalog" name="test_new_settings_fields_present" time="0.050" /><testcase classname="tests.test_v3_features.TestStickers" name="test_finishing_diecut_laminate" time="0.600" /><testcase classname="tests.backend_test.TestDashboard" name="test_dashboard" time="0.057" /><testcase classname="tests.test_v3_features.TestStickers" name="test_finishing_kisscut" time="0.051" /><testcase classname="tests.backend_test.TestAuthGuard" name="test_dashboard_unauth" time="0.273" /><testcase classname="tests.test_rbac_and_modules.TestQuotes" name="test_client_save_and_list" time="0.744" /><testcase classname="tests.test_v3_features.TestEmbroidery" name="test_areas_and_digitizing" time="0.440" /><testcase classname="tests.test_v3_features.TestChannelLetters" name="test_letters_nested" time="0.058" /><testcase classname="tests.test_v3_features.TestJobPresets" name="test_crud" time="0.399" /><testcase classname="tests.test_rbac_and_modules.TestConfig" name="test_config_role_field" time="0.471" /><testcase classname="tests.test_v3_features.TestSettingsV3" name="test_new_fields_present" time="0.054" /><testcase classname="tests.test_v3_features.TestDirectPrint" name="test_multisize_layout" time="0.459" /><testcase classname="tests.test_v3_features.TestQuotesV3" name="test_save_with_customer_notes" time="0.145" /></testsuite></testsuites>