<?xml version="1.0" encoding="utf-8"?><testsuites name="pytest tests"><testsuite name="pytest" errors="0" failures="0" skipped="1" tests="8" time="2.630" timestamp="2026-07-23T07:39:45.688523+00:00" hostname="agent-env-b5c57c91-deb5-43bb-9a9e-79c713d6c58e"><testcase classname="tests.test_unified_materials_v2.TestDefaultPerModule" name="test_vinyl_default_in_large_format_not_stickers" time="0.458" /><testcase classname="tests.test_unified_materials_v2.TestDefaultPerModule" name="test_roll_materials_large_format_default_first" time="0.134" /><testcase classname="tests.test_unified_materials_v2.TestDefaultPerModule" name="test_roll_materials_stickers_vinyl_not_default" time="0.096" /><testcase classname="tests.test_unified_materials_v2.TestDefaultPerModule" name="test_unique_default_per_module" time="0.103"><skipped type="pytest.skip" message="no other large-format material to toggle">/app/backend/tests/test_unified_materials_v2.py:84: no other large-format material to toggle</skipped></testcase><testcase classname="tests.test_unified_materials_v2.TestDynamicPricing" name="test_dynamic_pricing_flag_and_computed_cost" time="0.299" /><testcase classname="tests.test_unified_materials_v2.TestDynamicPricing" name="test_cost_propagation" time="0.404" /><testcase classname="tests.test_unified_materials_v2.TestWasteAndOrderDeduction" name="test_waste_suggestion_endpoint" time="0.377" /><testcase classname="tests.test_unified_materials_v2.TestWasteAndOrderDeduction" name="test_order_deducts_qty_plus_waste" time="0.691" /></testsuite></testsuites>