<?xml version="1.0" encoding="utf-8"?><testsuites name="pytest tests"><testsuite name="pytest" errors="0" failures="0" skipped="0" tests="62" time="9.462" timestamp="2026-07-19T02:44:37.568946+00:00" hostname="agent-env-b5c57c91-deb5-43bb-9a9e-79c713d6c58e"><testcase classname="tests.backend_test.TestCRUD" name="test_paper_stocks_list" time="0.630" /><testcase classname="tests.test_rbac_and_modules.TestAdminGates" name="test_client_cannot_post_paper_stock" time="0.674" /><testcase classname="tests.backend_test.TestCRUD" name="test_paper_stock_crud" time="0.142" /><testcase classname="tests.backend_test.TestCRUD" name="test_product_crud" time="0.290" /><testcase classname="tests.test_rbac_and_modules.TestAdminGates" name="test_reseller_cannot_post_paper_stock" time="0.538" /><testcase classname="tests.backend_test.TestCRUD" name="test_roll_material_crud" time="0.103" /><testcase classname="tests.backend_test.TestCRUD" name="test_equipment_list" time="0.046" /><testcase classname="tests.test_rbac_and_modules.TestAdminGates" name="test_client_cannot_list_users" time="0.042" /><testcase classname="tests.backend_test.TestCRUD" name="test_size_presets_list" time="0.046" /><testcase classname="tests.test_rbac_and_modules.TestAdminGates" name="test_reseller_cannot_list_users" time="0.044" /><testcase classname="tests.backend_test.TestCalculations" name="test_calc_paper" time="0.090" /><testcase classname="tests.backend_test.TestCalculations" name="test_calc_booklet" time="0.319" /><testcase classname="tests.test_rbac_and_modules.TestAdminGates" name="test_admin_can_list_users" time="0.439" /><testcase classname="tests.backend_test.TestCalculations" name="test_calc_lf" time="0.047" /><testcase classname="tests.backend_test.TestCalculations" name="test_calc_sticker" time="0.095" /><testcase classname="tests.test_rbac_and_modules.TestAdminGates" name="test_client_cannot_write_settings" time="0.098" /><testcase classname="tests.backend_test.TestCalculations" name="test_calc_equipment" time="0.087" /><testcase classname="tests.test_rbac_and_modules.TestAdminGates" name="test_client_cannot_call_calc_equipment" time="0.154" /><testcase classname="tests.backend_test.TestAuth" name="test_login_ok" time="0.000" /><testcase classname="tests.backend_test.TestAuth" name="test_login_bad" time="0.328" /><testcase classname="tests.test_rbac_and_modules.TestRoles" name="test_admin_role" time="0.239" /><testcase classname="tests.backend_test.TestAuth" name="test_me" time="0.046" /><testcase classname="tests.test_rbac_and_modules.TestRoles" name="test_reseller_role" time="0.095" /><testcase classname="tests.test_rbac_and_modules.TestRoles" name="test_client_default_role" time="0.264" /><testcase classname="tests.test_rbac_and_modules.TestScrubLaser" name="test_admin" time="0.058" /><testcase classname="tests.test_rbac_and_modules.TestScrubDTF" name="test_admin_sees_all" time="0.455" /><testcase classname="tests.test_rbac_and_modules.TestScrubLaser" name="test_client" time="0.041" /><testcase classname="tests.test_rbac_and_modules.TestScrubLaser" name="test_reseller" time="0.088" /><testcase classname="tests.test_rbac_and_modules.TestScrubDirectPrint" name="test_admin" time="0.281" /><testcase classname="tests.test_rbac_and_modules.TestScrubDTF" name="test_client_retail_only" time="0.475" /><testcase classname="tests.test_rbac_and_modules.TestScrubDirectPrint" name="test_client" time="0.068" /><testcase classname="tests.test_rbac_and_modules.TestScrubDirectPrint" name="test_reseller" time="0.048" /><testcase classname="tests.test_rbac_and_modules.TestUserManagement" name="test_admin_change_role" time="0.132" /><testcase classname="tests.test_rbac_and_modules.TestUserManagement" name="test_admin_cannot_demote_self" time="0.348" /><testcase classname="tests.test_rbac_and_modules.TestScrubDTF" name="test_reseller_wholesale_only" time="0.548" /><testcase classname="tests.test_rbac_and_modules.TestUserManagement" name="test_admin_cannot_delete_self" time="0.149" /><testcase classname="tests.test_rbac_and_modules.TestScrubChannelLetters" name="test_admin" time="0.045" /><testcase classname="tests.test_rbac_and_modules.TestScrubChannelLetters" name="test_client" time="0.051" /><testcase classname="tests.test_rbac_and_modules.TestScrubChannelLetters" name="test_reseller" time="0.291" /><testcase classname="tests.test_v3_features.TestDTF" name="test_placements_nested" time="0.435" /><testcase classname="tests.backend_test.TestSettings" name="test_get_settings" time="0.043" /><testcase classname="tests.backend_test.TestSettings" name="test_update_settings_persists" time="0.428" /><testcase classname="tests.test_v3_features.TestDTF" name="test_client_dtf_retail_only" time="0.435" /><testcase classname="tests.test_rbac_and_modules.TestScrubEmbroidery" name="test_client" time="0.588" /><testcase classname="tests.test_v3_features.TestDTF" name="test_reseller_dtf_wholesale_only" time="0.860" /><testcase classname="tests.test_rbac_and_modules.TestScrubEmbroidery" name="test_reseller" time="0.429" /><testcase classname="tests.test_v3_features.TestLaser" name="test_multisize" time="0.744" /><testcase classname="tests.test_v3_features.TestLaser" name="test_preset_crud" time="0.187" /><testcase classname="tests.test_rbac_and_modules.TestScrubPaper" name="test_client_paper" time="1.059" /><testcase classname="tests.backend_test.TestDashboard" name="test_dashboard" time="0.085" /><testcase classname="tests.backend_test.TestAuthGuard" name="test_dashboard_unauth" time="0.280" /><testcase classname="tests.test_rbac_and_modules.TestScrubPaper" name="test_reseller_paper" time="0.666" /><testcase classname="tests.test_rbac_and_modules.TestQuotes" name="test_client_save_and_list" time="0.815" /><testcase classname="tests.test_v3_features.TestStickers" name="test_finishing_diecut_laminate" time="0.424" /><testcase classname="tests.test_v3_features.TestStickers" name="test_finishing_kisscut" time="0.057" /><testcase classname="tests.test_v3_features.TestDirectPrint" name="test_multisize_layout" time="0.050" /><testcase classname="tests.test_v3_features.TestChannelLetters" name="test_letters_nested" time="0.271" /><testcase classname="tests.test_rbac_and_modules.TestConfig" name="test_config_role_field" time="0.556" /><testcase classname="tests.test_v3_features.TestJobPresets" name="test_crud" time="0.136" /><testcase classname="tests.test_v3_features.TestSettingsV3" name="test_new_fields_present" time="0.049" /><testcase classname="tests.test_v3_features.TestEmbroidery" name="test_areas_and_digitizing" time="0.421" /><testcase classname="tests.test_v3_features.TestQuotesV3" name="test_save_with_customer_notes" time="0.141" /></testsuite></testsuites>