<?xml version="1.0" encoding="utf-8"?><testsuites name="pytest tests"><testsuite name="pytest" errors="0" failures="0" skipped="0" tests="13" time="2.276" timestamp="2026-07-19T02:40:17.860166+00:00" hostname="agent-env-b5c57c91-deb5-43bb-9a9e-79c713d6c58e"><testcase classname="tests.test_v3_features.TestDTF" name="test_placements_nested" time="0.602" /><testcase classname="tests.test_v3_features.TestLaser" name="test_multisize" time="0.702" /><testcase classname="tests.test_v3_features.TestLaser" name="test_preset_crud" time="0.319" /><testcase classname="tests.test_v3_features.TestDTF" name="test_client_dtf_retail_only" time="0.424" /><testcase classname="tests.test_v3_features.TestStickers" name="test_finishing_diecut_laminate" time="0.052" /><testcase classname="tests.test_v3_features.TestStickers" name="test_finishing_kisscut" time="0.049" /><testcase classname="tests.test_v3_features.TestDirectPrint" name="test_multisize_layout" time="0.233" /><testcase classname="tests.test_v3_features.TestJobPresets" name="test_crud" time="0.184" /><testcase classname="tests.test_v3_features.TestDTF" name="test_reseller_dtf_wholesale_only" time="0.467" /><testcase classname="tests.test_v3_features.TestEmbroidery" name="test_areas_and_digitizing" time="0.044" /><testcase classname="tests.test_v3_features.TestChannelLetters" name="test_letters_nested" time="0.045" /><testcase classname="tests.test_v3_features.TestQuotesV3" name="test_save_with_customer_notes" time="0.183" /><testcase classname="tests.test_v3_features.TestSettingsV3" name="test_new_fields_present" time="0.050" /></testsuite></testsuites>