<?xml version="1.0" encoding="utf-8"?><testsuites name="pytest tests"><testsuite name="pytest" errors="0" failures="0" skipped="0" tests="9" time="3.217" timestamp="2026-08-18T06:02:58.853974+00:00" hostname="agent-env-b5c57c91-deb5-43bb-9a9e-79c713d6c58e"><testcase classname="tests.test_laminate_v33.TestRollDeductionSides" name="test_two_sides_consumes_two_rolls_per_full_cycle" time="0.660" /><testcase classname="tests.test_laminate_v33.TestRollDeductionSides" name="test_one_side_consumes_one_roll_per_full_cycle" time="0.180" /><testcase classname="tests.test_laminate_v33.TestRollDeductionSides" name="test_partial_usage_below_roll_length_decrements_zero_rolls" time="0.215" /><testcase classname="tests.test_laminate_v33.TestRollDeductionSides" name="test_two_sides_multi_roll_cycle_in_single_order" time="0.180" /><testcase classname="tests.test_laminate_v33.TestPaperCalcOverridePricing" name="test_override_two_sides_equals_override_amount_and_double_one_side" time="0.254" /><testcase classname="tests.test_laminate_v33.TestPaperCalcOverridePricing" name="test_no_override_falls_back_to_markup_and_scales_linearly" time="0.242" /><testcase classname="tests.test_laminate_v33.TestMaterialsListLamFields" name="test_admin_receives_all_lam_fields" time="0.179" /><testcase classname="tests.test_laminate_v33.TestMaterialsListLamFields" name="test_reseller_lam_cost_fields_scrubbed" time="0.529" /><testcase classname="tests.test_laminate_v33.TestMaterialsListLamFields" name="test_client_lam_cost_fields_scrubbed" time="0.623" /></testsuite></testsuites>