<?xml version="1.0" encoding="utf-8"?><testsuites name="pytest tests"><testsuite name="pytest" errors="0" failures="0" skipped="0" tests="10" time="2.929" timestamp="2026-08-18T04:36:53.436906+00:00" hostname="agent-env-b5c57c91-deb5-43bb-9a9e-79c713d6c58e"><testcase classname="tests.test_laminate_roll_deduction.TestCreateRollMaterials" name="test_create_laminate_stores_rolls_in_stock_qty" time="0.653" /><testcase classname="tests.test_laminate_roll_deduction.TestCreateRollMaterials" name="test_create_hot_foil_stores_rolls_and_color" time="0.156" /><testcase classname="tests.test_laminate_roll_deduction.TestCreateRollMaterials" name="test_get_material_persistence" time="0.232" /><testcase classname="tests.test_laminate_roll_deduction.TestAdjustStockRolls" name="test_plus_one_increments_roll_count" time="0.230" /><testcase classname="tests.test_laminate_roll_deduction.TestAdjustStockRolls" name="test_minus_one_decrements_roll_count" time="0.270" /><testcase classname="tests.test_laminate_roll_deduction.TestAdjustStockRolls" name="test_adjust_stock_clamps_at_zero" time="0.228" /><testcase classname="tests.test_laminate_roll_deduction.TestAdjustStockRolls" name="test_adjust_stock_hot_foil" time="0.228" /><testcase classname="tests.test_laminate_roll_deduction.TestOrderRollDeduction" name="test_smart_accumulator_across_two_orders" time="0.320" /><testcase classname="tests.test_laminate_roll_deduction.TestOrderRollDeduction" name="test_multi_roll_consumption_in_single_order" time="0.236" /><testcase classname="tests.test_laminate_roll_deduction.TestOrderRollDeduction" name="test_carry_forward_with_preexisting_accumulator" time="0.237" /></testsuite></testsuites>