<?xml version="1.0" encoding="utf-8"?><testsuites name="pytest tests"><testsuite name="pytest" errors="0" failures="0" skipped="0" tests="9" time="3.606" timestamp="2026-07-29T04:56:03.392213+00:00" hostname="agent-env-b5c57c91-deb5-43bb-9a9e-79c713d6c58e"><testcase classname="tests.test_machine_maintenance" name="test_login_and_settings_technician_rate" time="0.513" /><testcase classname="tests.test_machine_maintenance" name="test_invoice_upload_and_download" time="1.207" /><testcase classname="tests.test_machine_maintenance" name="test_create_part_log" time="0.304" /><testcase classname="tests.test_machine_maintenance" name="test_create_cleaning_log" time="0.102" /><testcase classname="tests.test_machine_maintenance" name="test_create_recurring_schedule" time="0.111" /><testcase classname="tests.test_machine_maintenance" name="test_alerts_endpoint" time="0.099" /><testcase classname="tests.test_machine_maintenance" name="test_tax_report" time="0.122" /><testcase classname="tests.test_machine_maintenance" name="test_equipment_route_removed" time="0.331" /><testcase classname="tests.test_machine_maintenance" name="test_zzz_cleanup" time="0.306" /></testsuite></testsuites>