<?xml version="1.0" encoding="utf-8"?><testsuites name="pytest tests"><testsuite name="pytest" errors="0" failures="0" skipped="0" tests="4" time="1.962" timestamp="2026-08-14T13:30:36.174428+00:00" hostname="agent-env-b5c57c91-deb5-43bb-9a9e-79c713d6c58e"><testcase classname="tests.test_materials_paper_v23.TestSupplierPresets" name="test_list_suppliers" time="1.182" /><testcase classname="tests.test_materials_paper_v23.TestPaperMaterial" name="test_create_paper_and_auto_compute" time="0.984" /><testcase classname="tests.test_materials_paper_v23.TestPaperMaterial" name="test_paper_stocks_endpoint_lists_paper" time="0.071" /><testcase classname="tests.test_materials_paper_v23.TestSupplierPresets" name="test_create_and_upsert_supplier" time="0.209" /></testsuite></testsuites>