<?xml version="1.0" encoding="utf-8"?><testsuites name="pytest tests"><testsuite name="pytest" errors="0" failures="2" skipped="0" tests="5" time="2.533" timestamp="2026-08-14T15:14:21.706340+00:00" hostname="agent-env-b5c57c91-deb5-43bb-9a9e-79c713d6c58e"><testcase classname="tests.test_materials_pricing" name="test_materials_have_retail_and_wholesale" time="0.867" /><testcase classname="tests.test_materials_pricing" name="test_settings_markups_present" time="0.175" /><testcase classname="tests.test_materials_pricing" name="test_wholesale_override_works_and_reverts" time="0.392"><failure message="AssertionError: {&quot;detail&quot;:[{&quot;type&quot;:&quot;missing&quot;,&quot;loc&quot;:[&quot;body&quot;,&quot;name&quot;],&quot;msg&quot;:&quot;Field required&quot;,&quot;input&quot;:{&quot;wholesale_price_override&quot;:0.9},&quot;url&quot;:&quot;https://errors.pydantic.dev/2.13/v/missing&quot;}]}&#10;assert 422 == 200&#10; +  where 422 = &lt;Response [422]&gt;.status_code">backend/tests/test_materials_pricing.py:55: in test_wholesale_override_works_and_reverts
    assert up.status_code == 200, up.text
E   AssertionError: {"detail":[{"type":"missing","loc":["body","name"],"msg":"Field required","input":{"wholesale_price_override":0.9},"url":"https://errors.pydantic.dev/2.13/v/missing"}]}
E   assert 422 == 200
E    +  where 422 = &lt;Response [422]&gt;.status_code</failure></testcase><testcase classname="tests.test_materials_pricing" name="test_retail_markup_override_persists" time="0.333"><failure message="assert 422 == 200&#10; +  where 422 = &lt;Response [422]&gt;.status_code">backend/tests/test_materials_pricing.py:78: in test_retail_markup_override_persists
    assert up.status_code == 200
E   assert 422 == 200
E    +  where 422 = &lt;Response [422]&gt;.status_code</failure></testcase><testcase classname="tests.test_materials_pricing" name="test_inventory_value" time="0.194" /></testsuite></testsuites>