<?xml version="1.0" encoding="utf-8"?><testsuites name="pytest tests"><testsuite name="pytest" errors="0" failures="1" skipped="0" tests="9" time="3.031" timestamp="2026-07-23T05:03:50.734592+00:00" hostname="agent-env-b5c57c91-deb5-43bb-9a9e-79c713d6c58e"><testcase classname="tests.test_material_links" name="test_roll_material_link_override_and_unlink" time="0.837" /><testcase classname="tests.test_material_links" name="test_calc_largeformat_uses_linked_cost" time="0.213" /><testcase classname="tests.test_material_links" name="test_calc_endpoints_unlinked[/api/calc/paper-payload0]" time="0.044" /><testcase classname="tests.test_material_links" name="test_calc_endpoints_unlinked[/api/calc/largeformat-payload1]" time="0.042" /><testcase classname="tests.test_material_links" name="test_calc_endpoints_unlinked[/api/calc/laser-payload2]" time="0.043" /><testcase classname="tests.test_material_links" name="test_calc_endpoints_unlinked[/api/calc/directprint-payload3]" time="0.040" /><testcase classname="tests.test_material_links" name="test_calc_endpoints_unlinked[/api/calc/channel-payload4]" time="0.041" /><testcase classname="tests.test_material_links" name="test_calc_endpoints_unlinked[/api/calc/rollstickers-payload5]" time="0.041" /><testcase classname="tests.test_material_links" name="test_all_module_materials_accept_linked_field" time="1.192"><failure message="AssertionError: /api/roll-sticker-materials: link not persisted&#10;assert (None == '6a61a0b73e77cc1fdc8a4a54' or None == 'LINKTEST-ROLL')&#10; +  where None = &lt;built-in method get of dict object at 0xffeff0130580&gt;('linked_material_id')&#10; +    where &lt;built-in method get of dict object at 0xffeff0130580&gt; = {'name': 'Clear Label 4&quot;', 'paper_type': 'transparent', 'roll_cost': 75.0, 'pieces_per_roll': 800.0, ...}.get&#10; +  and   None = &lt;built-in method get of dict object at 0xffeff0130580&gt;('linked_material_name')&#10; +    where &lt;built-in method get of dict object at 0xffeff0130580&gt; = {'name': 'Clear Label 4&quot;', 'paper_type': 'transparent', 'roll_cost': 75.0, 'pieces_per_roll': 800.0, ...}.get">backend/tests/test_material_links.py:151: in test_all_module_materials_accept_linked_field
    assert updated.get("linked_material_id") == unified_material["id"] or updated.get("linked_material_name") == "LINKTEST-ROLL", \
E   AssertionError: /api/roll-sticker-materials: link not persisted
E   assert (None == '6a61a0b73e77cc1fdc8a4a54' or None == 'LINKTEST-ROLL')
E    +  where None = &lt;built-in method get of dict object at 0xffeff0130580&gt;('linked_material_id')
E    +    where &lt;built-in method get of dict object at 0xffeff0130580&gt; = {'name': 'Clear Label 4"', 'paper_type': 'transparent', 'roll_cost': 75.0, 'pieces_per_roll': 800.0, ...}.get
E    +  and   None = &lt;built-in method get of dict object at 0xffeff0130580&gt;('linked_material_name')
E    +    where &lt;built-in method get of dict object at 0xffeff0130580&gt; = {'name': 'Clear Label 4"', 'paper_type': 'transparent', 'roll_cost': 75.0, 'pieces_per_roll': 800.0, ...}.get</failure></testcase></testsuite></testsuites>