<?xml version="1.0" encoding="utf-8"?><testsuites name="pytest tests"><testsuite name="pytest" errors="0" failures="0" skipped="0" tests="16" time="5.369" timestamp="2026-07-23T06:00:47.626384+00:00" hostname="agent-env-b5c57c91-deb5-43bb-9a9e-79c713d6c58e"><testcase classname="tests.test_p2a_ecommerce.TestRolePricing" name="test_admin_sees_both_prices" time="0.759" /><testcase classname="tests.test_p2a_ecommerce.TestRolePricing" name="test_reseller_sees_wholesale" time="0.453" /><testcase classname="tests.test_p2a_ecommerce.TestRolePricing" name="test_client_sees_retail_hides_wholesale" time="0.871" /><testcase classname="tests.test_p2a_ecommerce.TestInventoryDeduction" name="test_reseller_order_qty1_deducts_6" time="0.388" /><testcase classname="tests.test_p2a_ecommerce.TestInventoryDeduction" name="test_reseller_order_qty2_deducts_11" time="0.376" /><testcase classname="tests.test_p2a_ecommerce.TestInventoryDeduction" name="test_client_order_uses_retail" time="0.096" /><testcase classname="tests.test_p2a_ecommerce.TestOrdersAndRBAC" name="test_reseller_lists_only_own_orders" time="0.123" /><testcase classname="tests.test_p2a_ecommerce.TestOrdersAndRBAC" name="test_admin_sees_all_orders" time="0.093" /><testcase classname="tests.test_p2a_ecommerce.TestOrdersAndRBAC" name="test_admin_status_change_persists" time="0.333" /><testcase classname="tests.test_p2a_ecommerce.TestOrdersAndRBAC" name="test_reseller_cannot_change_status" time="0.211" /><testcase classname="tests.test_p2a_ecommerce.TestOrdersAndRBAC" name="test_client_cannot_create_catalog_product" time="0.096" /><testcase classname="tests.test_p2a_ecommerce.TestOrdersAndRBAC" name="test_reseller_cannot_delete_catalog" time="0.101" /><testcase classname="tests.test_p2a_ecommerce.TestDashboard" name="test_profit_dashboard_has_sales_and_net_real" time="0.097" /><testcase classname="tests.test_p2a_ecommerce.TestDashboard" name="test_reseller_cannot_access_dashboard" time="0.097" /><testcase classname="tests.test_p2a_ecommerce.TestCancellationRegression" name="test_cancelled_excluded_from_sales" time="0.491" /><testcase classname="tests.test_p2a_ecommerce" name="test_zzz_cleanup" time="0.727" /></testsuite></testsuites>