<?xml version="1.0" encoding="utf-8"?><testsuites name="pytest tests"><testsuite name="pytest" errors="0" failures="0" skipped="0" tests="5" time="2.295" timestamp="2026-07-23T06:18:04.501778+00:00" hostname="agent-env-b5c57c91-deb5-43bb-9a9e-79c713d6c58e"><testcase classname="tests.test_payments" name="test_admin_login" time="0.454" /><testcase classname="tests.test_payments" name="test_published_product_exists" time="0.192" /><testcase classname="tests.test_payments" name="test_create_order_and_checkout" time="0.910" /><testcase classname="tests.test_payments" name="test_checkout_requires_auth" time="0.097" /><testcase classname="tests.test_payments" name="test_status_unknown_session_404" time="0.098" /></testsuite></testsuites>