<?xml version="1.0" encoding="utf-8"?><testsuites name="pytest tests"><testsuite name="pytest" errors="0" failures="0" skipped="0" tests="9" time="2.280" timestamp="2026-07-23T03:53:08.056798+00:00" hostname="agent-env-b5c57c91-deb5-43bb-9a9e-79c713d6c58e"><testcase classname="tests.test_phase2_materials_ink.TestMaterials" name="test_list_seeded_materials_computed" time="0.644" /><testcase classname="tests.test_phase2_materials_ink.TestRoleScrubbing" name="test_reseller_materials_scrubbed" time="0.763" /><testcase classname="tests.test_phase2_materials_ink.TestMaterials" name="test_create_material_below_cost_flag" time="0.093" /><testcase classname="tests.test_phase2_materials_ink.TestMaterials" name="test_is_default_unsets_others" time="0.269" /><testcase classname="tests.test_phase2_materials_ink.TestRoleScrubbing" name="test_reseller_forbidden_admin_ops" time="0.171" /><testcase classname="tests.test_phase2_materials_ink.TestMaterials" name="test_put_and_delete_material" time="0.450" /><testcase classname="tests.test_phase2_materials_ink.TestInkPropagation" name="test_roland_largeformat_propagates" time="0.575" /><testcase classname="tests.test_phase2_materials_ink.TestStockAdjust" name="test_adjust_never_below_zero" time="0.235" /><testcase classname="tests.test_phase2_materials_ink.TestReorderCenter" name="test_reorder_grouped_by_supplier" time="0.153" /></testsuite></testsuites>