<?xml version="1.0" encoding="utf-8"?><testsuites name="pytest tests"><testsuite name="pytest" errors="0" failures="0" skipped="0" tests="3" time="1.713" timestamp="2026-07-23T04:48:55.327230+00:00" hostname="agent-env-b5c57c91-deb5-43bb-9a9e-79c713d6c58e"><testcase classname="tests.test_profit_dashboard" name="test_admin_profit_dashboard_ok" time="0.474" /><testcase classname="tests.test_profit_dashboard" name="test_admin_profit_dashboard_12_months" time="0.372" /><testcase classname="tests.test_profit_dashboard" name="test_reseller_forbidden" time="0.362" /></testsuite></testsuites>