<?xml version="1.0" encoding="utf-8"?><testsuites name="pytest tests"><testsuite name="pytest" errors="0" failures="0" skipped="0" tests="5" time="1.954" timestamp="2026-07-23T04:36:27.891088+00:00" hostname="agent-env-b5c57c91-deb5-43bb-9a9e-79c713d6c58e"><testcase classname="tests.test_profitability" name="test_profitability_basic_math" time="0.577" /><testcase classname="tests.test_profitability" name="test_profitability_below_cost" time="0.131" /><testcase classname="tests.test_profitability" name="test_profitability_with_machine" time="0.229" /><testcase classname="tests.test_profitability" name="test_profitability_forbidden_for_reseller" time="0.412" /><testcase classname="tests.test_profitability" name="test_profitability_no_auth" time="0.098" /></testsuite></testsuites>