<?xml version="1.0" encoding="utf-8"?><testsuites name="pytest tests"><testsuite name="pytest" errors="0" failures="0" skipped="0" tests="8" time="10.367" timestamp="2026-07-23T04:14:55.342355+00:00" hostname="agent-env-b5c57c91-deb5-43bb-9a9e-79c713d6c58e"><testcase classname="tests.test_purchases.TestCreateAndUpsert" name="test_create_upserts_new_materials" time="7.283" /><testcase classname="tests.test_purchases.TestParse" name="test_parse_alfa" time="7.028" /><testcase classname="tests.test_purchases.TestParse" name="test_parse_grimco" time="2.141" /><testcase classname="tests.test_purchases.TestCreateAndUpsert" name="test_create_updates_existing_materials" time="0.273" /><testcase classname="tests.test_purchases.TestCreateAndUpsert" name="test_list_purchases_and_filter" time="0.245" /><testcase classname="tests.test_purchases.TestCreateAndUpsert" name="test_csv_export" time="0.103" /><testcase classname="tests.test_purchases.TestCreateAndUpsert" name="test_delete_purchase_and_cleanup" time="1.169" /><testcase classname="tests.test_purchases.TestRBAC" name="test_reseller_forbidden" time="0.652" /></testsuite></testsuites>