<?xml version="1.0" encoding="utf-8"?><testsuites name="pytest tests"><testsuite name="pytest" errors="0" failures="1" skipped="0" tests="18" time="2.349" timestamp="2026-07-19T01:07:54.043272+00:00" hostname="agent-env-b5c57c91-deb5-43bb-9a9e-79c713d6c58e"><testcase classname="tests.backend_test.TestCRUD" name="test_paper_stocks_list" time="0.636" /><testcase classname="tests.backend_test.TestCRUD" name="test_paper_stock_crud" time="0.144" /><testcase classname="tests.backend_test.TestCalculations" name="test_calc_paper" time="0.758" /><testcase classname="tests.backend_test.TestCalculations" name="test_calc_booklet" time="0.162" /><testcase classname="tests.backend_test.TestCRUD" name="test_product_crud" time="0.136" /><testcase classname="tests.backend_test.TestCRUD" name="test_roll_material_crud" time="0.141" /><testcase classname="tests.backend_test.TestCalculations" name="test_calc_lf" time="0.063" /><testcase classname="tests.backend_test.TestCalculations" name="test_calc_sticker" time="0.121"><failure message="TypeError: string indices must be integers, not 'str'">backend/tests/backend_test.py:170: in test_calc_sticker
    assert res["material"]["name"] in sticker_names or res["material"].get("sticker_compatible")
           ^^^^^^^^^^^^^^^^^^^^^^^
E   TypeError: string indices must be integers, not 'str'</failure></testcase><testcase classname="tests.backend_test.TestCRUD" name="test_equipment_list" time="0.090" /><testcase classname="tests.backend_test.TestCalculations" name="test_calc_equipment" time="0.167" /><testcase classname="tests.backend_test.TestCRUD" name="test_size_presets_list" time="0.048" /><testcase classname="tests.backend_test.TestSettings" name="test_get_settings" time="0.048" /><testcase classname="tests.backend_test.TestSettings" name="test_update_settings_persists" time="0.185" /><testcase classname="tests.backend_test.TestAuth" name="test_login_ok" time="0.001" /><testcase classname="tests.backend_test.TestAuth" name="test_login_bad" time="0.375" /><testcase classname="tests.backend_test.TestDashboard" name="test_dashboard" time="0.243" /><testcase classname="tests.backend_test.TestAuth" name="test_me" time="0.060" /><testcase classname="tests.backend_test.TestAuthGuard" name="test_dashboard_unauth" time="0.141" /></testsuite></testsuites>