<?xml version="1.0" encoding="utf-8"?><testsuites name="pytest tests"><testsuite name="pytest" errors="0" failures="0" skipped="0" tests="14" time="4.465" timestamp="2026-08-20T22:32:43.306433+00:00" hostname="agent-env-b5c57c91-deb5-43bb-9a9e-79c713d6c58e"><testcase classname="tests.test_phase2_4_sales_insights.TestRBAC" name="test_best_sellers_requires_auth" time="0.189" /><testcase classname="tests.test_phase2_4_sales_insights.TestRBAC" name="test_best_sellers_non_admin_403" time="0.584" /><testcase classname="tests.test_phase2_4_sales_insights.TestRBAC" name="test_manual_sale_non_admin_403" time="0.076" /><testcase classname="tests.test_phase2_4_sales_insights.TestManualSale" name="test_manual_sale_counts_in_best_sellers_and_goals" time="2.070" /><testcase classname="tests.test_phase2_4_sales_insights.TestRBAC" name="test_pnl_non_admin_403" time="0.949" /><testcase classname="tests.test_phase2_4_sales_insights.TestBestSellers" name="test_shape_and_periods" time="0.297" /><testcase classname="tests.test_phase2_4_sales_insights.TestManualSale" name="test_manual_sale_without_product_id" time="0.164" /><testcase classname="tests.test_phase2_4_sales_insights.TestBestSellers" name="test_bom_product_cost_known_and_real_profit" time="0.185" /><testcase classname="tests.test_phase2_4_sales_insights.TestManualSale" name="test_manual_sale_empty_items_400" time="0.128" /><testcase classname="tests.test_phase2_4_sales_insights.TestBestSellers" name="test_no_bom_product_cost_unknown" time="0.180" /><testcase classname="tests.test_phase2_4_sales_insights.TestManualSale" name="test_manual_sale_date_only" time="0.974" /><testcase classname="tests.test_phase2_4_sales_insights.TestOrderPnL" name="test_pnl_real_material_cost_and_ink" time="0.540" /><testcase classname="tests.test_phase2_4_sales_insights.TestOrderPnL" name="test_pnl_manual_sale_no_real_cost" time="0.162" /><testcase classname="tests.test_phase2_4_sales_insights.TestOrderPnL" name="test_pnl_bad_order_id" time="0.889" /></testsuite></testsuites>