<?xml version="1.0" encoding="utf-8"?><testsuites name="pytest tests"><testsuite name="pytest" errors="0" failures="0" skipped="0" tests="31" time="3.620" timestamp="2026-07-19T01:45:10.359568+00:00" hostname="agent-env-b5c57c91-deb5-43bb-9a9e-79c713d6c58e"><testcase classname="tests.test_rbac_and_modules.TestRoles" name="test_admin_role" time="0.651" /><testcase classname="tests.test_rbac_and_modules.TestAdminGates" name="test_client_cannot_post_paper_stock" time="0.982" /><testcase classname="tests.test_rbac_and_modules.TestRoles" name="test_reseller_role" time="0.430" /><testcase classname="tests.test_rbac_and_modules.TestAdminGates" name="test_reseller_cannot_post_paper_stock" time="0.625" /><testcase classname="tests.test_rbac_and_modules.TestRoles" name="test_client_default_role" time="0.643" /><testcase classname="tests.test_rbac_and_modules.TestAdminGates" name="test_client_cannot_list_users" time="0.054" /><testcase classname="tests.test_rbac_and_modules.TestAdminGates" name="test_reseller_cannot_list_users" time="0.047" /><testcase classname="tests.test_rbac_and_modules.TestScrubDTF" name="test_admin_sees_all" time="0.049" /><testcase classname="tests.test_rbac_and_modules.TestScrubDTF" name="test_client_retail_only" time="0.261" /><testcase classname="tests.test_rbac_and_modules.TestAdminGates" name="test_admin_can_list_users" time="0.426" /><testcase classname="tests.test_rbac_and_modules.TestScrubDTF" name="test_reseller_wholesale_only" time="0.048" /><testcase classname="tests.test_rbac_and_modules.TestScrubLaser" name="test_admin" time="0.051" /><testcase classname="tests.test_rbac_and_modules.TestAdminGates" name="test_client_cannot_write_settings" time="0.050" /><testcase classname="tests.test_rbac_and_modules.TestScrubLaser" name="test_client" time="0.048" /><testcase classname="tests.test_rbac_and_modules.TestScrubLaser" name="test_reseller" time="0.050" /><testcase classname="tests.test_rbac_and_modules.TestAdminGates" name="test_client_cannot_call_calc_equipment" time="0.115" /><testcase classname="tests.test_rbac_and_modules.TestScrubChannelLetters" name="test_admin" time="0.047" /><testcase classname="tests.test_rbac_and_modules.TestScrubChannelLetters" name="test_client" time="0.085" /><testcase classname="tests.test_rbac_and_modules.TestScrubDirectPrint" name="test_admin" time="0.122" /><testcase classname="tests.test_rbac_and_modules.TestScrubChannelLetters" name="test_reseller" time="0.047" /><testcase classname="tests.test_rbac_and_modules.TestUserManagement" name="test_admin_change_role" time="0.153" /><testcase classname="tests.test_rbac_and_modules.TestScrubDirectPrint" name="test_client" time="0.056" /><testcase classname="tests.test_rbac_and_modules.TestScrubDirectPrint" name="test_reseller" time="0.090" /><testcase classname="tests.test_rbac_and_modules.TestUserManagement" name="test_admin_cannot_demote_self" time="0.133" /><testcase classname="tests.test_rbac_and_modules.TestScrubEmbroidery" name="test_client" time="0.051" /><testcase classname="tests.test_rbac_and_modules.TestScrubEmbroidery" name="test_reseller" time="0.046" /><testcase classname="tests.test_rbac_and_modules.TestQuotes" name="test_client_save_and_list" time="0.253" /><testcase classname="tests.test_rbac_and_modules.TestUserManagement" name="test_admin_cannot_delete_self" time="0.131" /><testcase classname="tests.test_rbac_and_modules.TestScrubPaper" name="test_client_paper" time="0.136" /><testcase classname="tests.test_rbac_and_modules.TestConfig" name="test_config_role_field" time="0.186" /><testcase classname="tests.test_rbac_and_modules.TestScrubPaper" name="test_reseller_paper" time="0.091" /></testsuite></testsuites>