<?xml version="1.0" encoding="utf-8"?><testsuites name="pytest tests"><testsuite name="pytest" errors="0" failures="0" skipped="0" tests="8" time="1.587" timestamp="2026-08-18T06:49:11.979774+00:00" hostname="agent-env-b5c57c91-deb5-43bb-9a9e-79c713d6c58e"><testcase classname="tests.test_round_corners_and_rush.TestSettingsFields" name="test_settings_exposes_rush_and_rc_fields" time="0.531" /><testcase classname="tests.test_round_corners_and_rush.TestSettingsFields" name="test_settings_put_persists_rush_next_day" time="0.179" /><testcase classname="tests.test_round_corners_and_rush.TestSettingsFields" name="test_settings_put_persists_rc_paper_per_stack" time="0.180" /><testcase classname="tests.test_round_corners_and_rush.TestRoundCornersPaper" name="test_round_corners_off_returns_zero" time="0.185" /><testcase classname="tests.test_round_corners_and_rush.TestRoundCornersPaper" name="test_round_corners_on_100pcs_cost_8" time="0.062" /><testcase classname="tests.test_round_corners_and_rush.TestRoundCornersPaper" name="test_round_corners_retail_wholesale_are_markup_of_cost" time="0.068" /><testcase classname="tests.test_round_corners_and_rush.TestRoundCornersSubstrate" name="test_direct_print_round_corners_qty1" time="0.188" /><testcase classname="tests.test_round_corners_and_rush.TestLaminatePlusRoundCornersRegression" name="test_calc_paper_laminate_and_rc_both_present" time="0.120" /></testsuite></testsuites>