<?xml version="1.0" encoding="utf-8"?><testsuites name="pytest tests"><testsuite name="pytest" errors="0" failures="0" skipped="1" tests="30" time="4.491" timestamp="2026-07-23T07:03:45.301417+00:00" hostname="agent-env-b5c57c91-deb5-43bb-9a9e-79c713d6c58e"><testcase classname="tests.test_unified_materials" name="test_admin_login_ok" time="0.382" /><testcase classname="tests.test_unified_materials" name="test_materials_list_has_seeded" time="0.103" /><testcase classname="tests.test_unified_materials" name="test_materials_have_module_specs" time="0.100" /><testcase classname="tests.test_unified_materials" name="test_material_edit_updates_unit_cost" time="0.386" /><testcase classname="tests.test_unified_materials" name="test_per_module_post_blocked[paper-stocks]" time="0.097" /><testcase classname="tests.test_unified_materials" name="test_per_module_post_blocked[roll-materials]" time="0.094" /><testcase classname="tests.test_unified_materials" name="test_per_module_post_blocked[laser-materials]" time="0.099" /><testcase classname="tests.test_unified_materials" name="test_per_module_post_blocked[sheet-materials]" time="0.095" /><testcase classname="tests.test_unified_materials" name="test_per_module_post_blocked[roll-sticker-materials]" time="0.094" /><testcase classname="tests.test_unified_materials" name="test_per_module_put_blocked[paper-stocks]" time="0.096" /><testcase classname="tests.test_unified_materials" name="test_per_module_put_blocked[roll-materials]" time="0.099" /><testcase classname="tests.test_unified_materials" name="test_per_module_put_blocked[laser-materials]" time="0.098" /><testcase classname="tests.test_unified_materials" name="test_per_module_put_blocked[sheet-materials]" time="0.096" /><testcase classname="tests.test_unified_materials" name="test_per_module_put_blocked[roll-sticker-materials]" time="0.103" /><testcase classname="tests.test_unified_materials" name="test_per_module_delete_blocked[paper-stocks]" time="0.096" /><testcase classname="tests.test_unified_materials" name="test_per_module_delete_blocked[roll-materials]" time="0.096" /><testcase classname="tests.test_unified_materials" name="test_per_module_delete_blocked[laser-materials]" time="0.095" /><testcase classname="tests.test_unified_materials" name="test_per_module_delete_blocked[sheet-materials]" time="0.098" /><testcase classname="tests.test_unified_materials" name="test_per_module_delete_blocked[roll-sticker-materials]" time="0.094" /><testcase classname="tests.test_unified_materials" name="test_per_module_get_reads_central[paper-stocks]" time="0.098" /><testcase classname="tests.test_unified_materials" name="test_per_module_get_reads_central[roll-materials]" time="0.097" /><testcase classname="tests.test_unified_materials" name="test_per_module_get_reads_central[laser-materials]" time="0.095" /><testcase classname="tests.test_unified_materials" name="test_per_module_get_reads_central[sheet-materials]" time="0.095" /><testcase classname="tests.test_unified_materials" name="test_per_module_get_reads_central[roll-sticker-materials]" time="0.098" /><testcase classname="tests.test_unified_materials" name="test_paper_stocks_reads_paper_module" time="0.104" /><testcase classname="tests.test_unified_materials" name="test_laser_materials_only_laser" time="0.100" /><testcase classname="tests.test_unified_materials" name="test_sheet_materials_direct_print" time="0.132" /><testcase classname="tests.test_unified_materials" name="test_calc_lf_uses_central" time="0.193" /><testcase classname="tests.test_unified_materials" name="test_calc_paper_uses_central" time="0.197"><skipped type="pytest.skip" message="No paper product seeded - cannot exercise /calc/paper (accepted)">/app/backend/tests/test_unified_materials.py:217: No paper product seeded - cannot exercise /calc/paper (accepted)</skipped></testcase><testcase classname="tests.test_unified_materials" name="test_calc_sticker_only_sticker_compatible" time="0.302" /></testsuite></testsuites>