<?xml version="1.0" encoding="utf-8"?><testsuites name="pytest tests"><testsuite name="pytest" errors="0" failures="0" skipped="0" tests="13" time="2.654" timestamp="2026-08-18T01:03:20.278678+00:00" hostname="agent-env-b5c57c91-deb5-43bb-9a9e-79c713d6c58e"><testcase classname="tests.test_volume_discounts_per_module.TestSettingsSchema" name="test_settings_has_map" time="0.497" /><testcase classname="tests.test_volume_discounts_per_module.TestSettingsSchema" name="test_persist_map_roundtrip" time="0.210" /><testcase classname="tests.test_volume_discounts_per_module.TestDTFCustomTiers" name="test_dtf_qty12_gets_6pct" time="0.157" /><testcase classname="tests.test_volume_discounts_per_module.TestDTFCustomTiers" name="test_dtf_qty24_gets_10pct" time="0.047" /><testcase classname="tests.test_volume_discounts_per_module.TestDTFCustomTiers" name="test_dtf_qty100_gets_22pct" time="0.052" /><testcase classname="tests.test_volume_discounts_per_module.TestDTFCustomTiers" name="test_dtf_qty6_gets_3pct" time="0.056" /><testcase classname="tests.test_volume_discounts_per_module.TestDTFCustomTiers" name="test_dtf_qty5_gets_0pct" time="0.064" /><testcase classname="tests.test_volume_discounts_per_module.TestOtherModulesUseDefault" name="test_paper_qty100_uses_default_5pct" time="0.167" /><testcase classname="tests.test_volume_discounts_per_module.TestOtherModulesUseDefault" name="test_embroidery_qty100_uses_default_5pct" time="0.054" /><testcase classname="tests.test_volume_discounts_per_module.TestOtherModulesUseDefault" name="test_rollsticker_qty500_uses_default_13pct" time="0.107" /><testcase classname="tests.test_volume_discounts_per_module.TestDTFvsDefaultDivergence" name="test_dtf_and_paper_diverge_at_100" time="0.104" /><testcase classname="tests.test_volume_discounts_per_module.TestRBACPerModule" name="test_client_dtf_gets_discount_no_wholesale" time="0.454" /><testcase classname="tests.test_volume_discounts_per_module.TestRBACPerModule" name="test_reseller_dtf_gets_discount_no_retail" time="0.633" /></testsuite></testsuites>