<?xml version="1.0" encoding="utf-8"?><testsuites name="pytest tests"><testsuite name="pytest" errors="0" failures="0" skipped="2" tests="16" time="3.866" timestamp="2026-08-18T00:38:32.548122+00:00" hostname="agent-env-b5c57c91-deb5-43bb-9a9e-79c713d6c58e"><testcase classname="tests.test_volume_discounts.TestPaperGradient" name="test_paper_rows_have_volume_discount" time="1.003" /><testcase classname="tests.test_volume_discounts.TestOtherModules" name="test_dtf_qty_500_discount" time="0.806" /><testcase classname="tests.test_volume_discounts.TestOtherModules" name="test_embroidery_qty_100" time="0.081" /><testcase classname="tests.test_volume_discounts.TestOtherModules" name="test_laser_qty_from_sizes" time="0.073" /><testcase classname="tests.test_volume_discounts.TestOtherModules" name="test_directprint_qty_50" time="0.075" /><testcase classname="tests.test_volume_discounts.TestPaperGradient" name="test_retail_unit_prices_decrease" time="0.354" /><testcase classname="tests.test_volume_discounts.TestOtherModules" name="test_sticker_qty_1000" time="0.073"><skipped type="pytest.skip" message="no sticker_compatible roll material seeded">/app/backend/tests/test_volume_discounts.py:255: no sticker_compatible roll material seeded</skipped></testcase><testcase classname="tests.test_volume_discounts.TestOtherModules" name="test_rollsticker_qty_500" time="0.151" /><testcase classname="tests.test_volume_discounts.TestOtherModules" name="test_channelletters" time="0.080" /><testcase classname="tests.test_volume_discounts.TestOtherModules" name="test_sublimation_qty_50" time="0.179"><skipped type="pytest.skip" message="sublimation not applicable: 404 {&quot;detail&quot;:&quot;Product not found&quot;}">/app/backend/tests/test_volume_discounts.py:283: sublimation not applicable: 404 {"detail":"Product not found"}</skipped></testcase><testcase classname="tests.test_volume_discounts.TestPaperGradient" name="test_customer_price_matches_discount" time="0.278" /><testcase classname="tests.test_volume_discounts.TestSettingsVolumeDiscounts" name="test_defaults_present" time="0.076" /><testcase classname="tests.test_volume_discounts.TestSettingsVolumeDiscounts" name="test_persist_custom_tiers_and_restore" time="0.218" /><testcase classname="tests.test_volume_discounts.TestPaperGradient" name="test_paper_base_regression_qty25" time="0.419" /><testcase classname="tests.test_volume_discounts.TestRBACWithDiscount" name="test_client_paper_retail_only_and_discounted" time="0.737" /><testcase classname="tests.test_volume_discounts.TestRBACWithDiscount" name="test_reseller_paper_wholesale_only_and_discounted" time="0.759" /></testsuite></testsuites>